<?xml version="1.0" encoding="UTF-8"?>
<testng-results skipped="0" failed="0" total="1" passed="1">
  <reporter-output>
  </reporter-output>
  <suite name="Default suite" duration-ms="35320" started-at="2016-08-30T07:56:32Z" finished-at="2016-08-30T07:57:07Z">
    <groups>
    </groups>
    <test name="Default test" duration-ms="35320" started-at="2016-08-30T07:56:32Z" finished-at="2016-08-30T07:57:07Z">
      <class name="com.test.WriteWorkdailyTest">
        <test-method status="PASS" signature="setUp()[pri:0, instance:com.test.WriteWorkdailyTest@6a2525d0]" name="setUp" is-config="true" duration-ms="17312" started-at="2016-08-30T15:56:32Z" finished-at="2016-08-30T15:56:49Z">
          <reporter-output>
          </reporter-output>
        </test-method> <!-- setUp -->
        <test-method status="PASS" signature="runTest()[pri:0, instance:com.test.WriteWorkdailyTest@6a2525d0]" name="runTest" duration-ms="17957" started-at="2016-08-30T15:56:49Z" finished-at="2016-08-30T15:57:07Z">
          <reporter-output>
          </reporter-output>
        </test-method> <!-- runTest -->
        <test-method status="PASS" signature="tearDown()[pri:0, instance:com.test.WriteWorkdailyTest@6a2525d0]" name="tearDown" is-config="true" duration-ms="1" started-at="2016-08-30T15:57:07Z" finished-at="2016-08-30T15:57:07Z">
          <reporter-output>
          </reporter-output>
        </test-method> <!-- tearDown -->
      </class> <!-- com.test.WriteWorkdailyTest -->
    </test> <!-- Default test -->
  </suite> <!-- Default suite -->
</testng-results>
