<?xml version="1.0" encoding="UTF-8"?>
<testng-results skipped="0" failed="0" total="1" passed="1">
  <reporter-output>
  </reporter-output>
  <suite name="Default suite" duration-ms="67623" started-at="2016-08-31T02:22:50Z" finished-at="2016-08-31T02:23:58Z">
    <groups>
    </groups>
    <test name="Default test" duration-ms="67623" started-at="2016-08-31T02:22:50Z" finished-at="2016-08-31T02:23:58Z">
      <class name="com.test.WriteWorkdailyTest">
        <test-method status="PASS" signature="setUp()[pri:0, instance:com.test.WriteWorkdailyTest@a51c603]" name="setUp" is-config="true" duration-ms="21420" started-at="2016-08-31T10:22:50Z" finished-at="2016-08-31T10:23:11Z">
          <reporter-output>
          </reporter-output>
        </test-method> <!-- setUp -->
        <test-method status="PASS" signature="runTest()[pri:0, instance:com.test.WriteWorkdailyTest@a51c603]" name="runTest" duration-ms="46159" started-at="2016-08-31T10:23:11Z" finished-at="2016-08-31T10:23:58Z">
          <reporter-output>
          </reporter-output>
        </test-method> <!-- runTest -->
        <test-method status="PASS" signature="tearDown()[pri:0, instance:com.test.WriteWorkdailyTest@a51c603]" name="tearDown" is-config="true" duration-ms="1" started-at="2016-08-31T10:23:58Z" finished-at="2016-08-31T10:23:58Z">
          <reporter-output>
          </reporter-output>
        </test-method> <!-- tearDown -->
      </class> <!-- com.test.WriteWorkdailyTest -->
    </test> <!-- Default test -->
  </suite> <!-- Default suite -->
</testng-results>
